<?xml version="1.0" encoding="UTF-8"?>
<!-- Generated by org.testng.reporters.JUnitReportReporter -->
<testsuite hostname="QT-INBG-LT0454" name="Academy.testBaseNav" tests="1" failures="0" timestamp="14 Apr 2020 11:33:07 GMT" time="19.954" errors="0">
  <testcase name="baseNavigation" time="19.954" classname="Academy.testBaseNav"/>
</testsuite> <!-- Academy.testBaseNav -->
